Arguments: 
  C:\Program Files\nodejs\node.exe C:\Users\KRISHNA.P.G\AppData\Roaming\npm\node_modules\yarn\bin\yarn.js add nodemailer dotenv

PATH: 
  C:\VulkanSDK\1.3.275.0\Bin;C:\Program Files (x86)\VMware\VMware Workstation\bin\;C:\Python311\Scripts\;C:\Python311\;C:\Program Files\Common Files\Oracle\Java\javapath;C:\Windows\system32;C:\Windows;C:\Windows\System32\Wbem;C:\Windows\System32\WindowsPowerShell\v1.0\;C:\Windows\System32\OpenSSH\;C:\WINDOWS\system32;C:\WINDOWS;C:\WINDOWS\System32\Wbem;C:\WINDOWS\System32\WindowsPowerShell\v1.0\;C:\WINDOWS\System32\OpenSSH\;C:\Program Files\Microsoft SQL Server\Client SDK\ODBC\110\Tools\Binn\;C:\Program Files (x86)\Microsoft SQL Server\120\Tools\Binn\;C:\Program Files\Microsoft SQL Server\120\Tools\Binn\;C:\Program Files\Microsoft SQL Server\120\DTS\Binn\;C:\Program Files (x86)\Windows Kits\8.1\Windows Performance Toolkit\;C:\Program Files\Java\jdk-18.0.1.1\bin\javac.exe;C:\Program Files\Microsoft SQL Server\150\Tools\Binn\;C:\Program Files\Microsoft SQL Server\Client SDK\ODBC\170\Tools\Binn\;C:\Program Files\dotnet\;C:\WINDOWS\system32;C:\WINDOWS;C:\WINDOWS\System32\Wbem;C:\WINDOWS\System32\WindowsPowerShell\v1.0\;C:\WINDOWS\System32\OpenSSH\;C:\ProgramData\chocolatey\bin;C:\Program Files\Git\cmd;C:\Program Files\NVIDIA Corporation\NVIDIA NvDLISR;C:\Program Files\PuTTY\;C:\Program Files\nodejs\;C:\Users\KRISHNA.P.G\anaconda3\envs\myenv\python.exe;C:\Program Files\MySQL\MySQL Shell 8.0\bin\;C:\Users\KRISHNA.P.G\AppData\Local\Microsoft\WindowsApps;C:\Users\KRISHNA.P.G\.dotnet\tools;C:\Users\KRISHNA.P.G\AppData\Local\Programs\Microsoft VS Code\bin;C:\Users\KRISHNA.P.G\AppData\Local\GitHubDesktop\bin;C:\Users\KRISHNA.P.G\AppData\Roaming\npm

Yarn version: 
  1.22.19

Node version: 
  20.11.1

Platform: 
  win32 x64

Trace: 
  Error: EPERM: operation not permitted, unlink 'C:\krishna\PROGRAMING\React\IamNeo\my-project\node_modules\@rollup\rollup-win32-x64-msvc\rollup.win32-x64-msvc.node'

npm manifest: 
  {
    "name": "my-project",
    "private": true,
    "version": "0.0.0",
    "type": "module",
    "scripts": {
      "dev": "vite",
      "build": "vite build",
      "lint": "eslint . --ext js,jsx --report-unused-disable-directives --max-warnings 0",
      "preview": "vite preview"
    },
    "dependencies": {
      "dotenv": "^16.4.5",
      "nodemailer": "^6.9.12",
      "react": "^18.2.0",
      "react-dom": "^18.2.0",
      "react-router-dom": "^6.22.3",
      "resend": "^3.2.0",
      "sweetalert2": "^11.10.6"
    },
    "devDependencies": {
      "@types/react": "^18.2.64",
      "@types/react-dom": "^18.2.21",
      "@vitejs/plugin-react": "^4.2.1",
      "autoprefixer": "^10.4.18",
      "eslint": "^8.57.0",
      "eslint-plugin-react": "^7.34.0",
      "eslint-plugin-react-hooks": "^4.6.0",
      "eslint-plugin-react-refresh": "^0.4.5",
      "postcss": "^8.4.35",
      "tailwindcss": "^3.4.1",
      "vite": "^5.1.6"
    }
  }

yarn manifest: 
  No manifest

Lockfile: 
  No lockfile
